<?xml version="1.0" encoding="UTF-8"?>
<coverage generated="1543268204192" clover="3.2.0">
  <project timestamp="1543268204192" name="All files">
    <metrics statements="31" coveredstatements="20" conditionals="16" coveredconditionals="11" methods="14" coveredmethods="8" elements="61" coveredelements="39" complexity="0" loc="31" ncloc="31" packages="3" files="6" classes="6">
      <package name="client.src">
        <metrics statements="18" coveredstatements="9" conditionals="8" coveredconditionals="3" methods="8" coveredmethods="4"/>
        <file name="App.jsx" path="/Users/philosophic/SeniorProjects/Product-Description/client/src/App.jsx">
          <metrics statements="18" coveredstatements="9" conditionals="8" coveredconditionals="3" methods="8" coveredmethods="4"/>
          <line num="9" count="1" type="cond" truecount="2" falsecount="0"/>
          <line num="13" count="2" type="stmt"/>
          <line num="14" count="2" type="stmt"/>
          <line num="22" count="2" type="stmt"/>
          <line num="32" count="2" type="stmt"/>
          <line num="36" count="0" type="stmt"/>
          <line num="37" count="0" type="stmt"/>
          <line num="42" count="0" type="stmt"/>
          <line num="47" count="0" type="cond" truecount="0" falsecount="2"/>
          <line num="48" count="0" type="stmt"/>
          <line num="52" count="0" type="stmt"/>
          <line num="59" count="2" type="stmt"/>
          <line num="60" count="2" type="cond" truecount="1" falsecount="1"/>
          <line num="61" count="2" type="stmt"/>
          <line num="62" count="0" type="cond" truecount="0" falsecount="2"/>
          <line num="63" count="0" type="stmt"/>
          <line num="67" count="2" type="stmt"/>
          <line num="72" count="0" type="stmt"/>
        </file>
      </package>
      <package name="client.src.components">
        <metrics statements="10" coveredstatements="8" conditionals="8" coveredconditionals="8" methods="6" coveredmethods="4"/>
        <file name="Feature.jsx" path="/Users/philosophic/SeniorProjects/Product-Description/client/src/components/Feature.jsx">
          <metrics statements="2" coveredstatements="2" conditionals="0" coveredconditionals="0" methods="1" coveredmethods="1"/>
          <line num="5" count="3" type="stmt"/>
          <line num="6" count="2" type="stmt"/>
        </file>
        <file name="Features.jsx" path="/Users/philosophic/SeniorProjects/Product-Description/client/src/components/Features.jsx">
          <metrics statements="3" coveredstatements="2" conditionals="2" coveredconditionals="2" methods="2" coveredmethods="1"/>
          <line num="4" count="2" type="stmt"/>
          <line num="5" count="2" type="stmt"/>
          <line num="8" count="0" type="cond" truecount="2" falsecount="0"/>
        </file>
        <file name="TechSpec.jsx" path="/Users/philosophic/SeniorProjects/Product-Description/client/src/components/TechSpec.jsx">
          <metrics statements="2" coveredstatements="2" conditionals="4" coveredconditionals="4" methods="1" coveredmethods="1"/>
          <line num="3" count="3" type="stmt"/>
          <line num="4" count="3" type="stmt"/>
        </file>
        <file name="TechSpecs.jsx" path="/Users/philosophic/SeniorProjects/Product-Description/client/src/components/TechSpecs.jsx">
          <metrics statements="3" coveredstatements="2" conditionals="2" coveredconditionals="2" methods="2" coveredmethods="1"/>
          <line num="4" count="2" type="stmt"/>
          <line num="5" count="2" type="stmt"/>
          <line num="8" count="0" type="cond" truecount="2" falsecount="0"/>
        </file>
      </package>
      <package name="spec">
        <metrics statements="3" coveredstatements="3" conditionals="0" coveredconditionals="0" methods="0" coveredmethods="0"/>
        <file name="setupTests.js" path="/Users/philosophic/SeniorProjects/Product-Description/spec/setupTests.js">
          <metrics statements="3" coveredstatements="3" conditionals="0" coveredconditionals="0" methods="0" coveredmethods="0"/>
          <line num="3" count="6" type="stmt"/>
          <line num="4" count="6" type="stmt"/>
          <line num="6" count="6" type="stmt"/>
        </file>
      </package>
    </metrics>
  </project>
</coverage>
