{"/Users/philosophic/SeniorProjects/Product-Description/client/src/App.jsx": {"path":"/Users/philosophic/SeniorProjects/Product-Description/client/src/App.jsx","statementMap":{"0":{"start":{"line":9,"column":11},"end":{"line":9,"column":52}},"1":{"start":{"line":13,"column":4},"end":{"line":13,"column":12}},"2":{"start":{"line":14,"column":4},"end":{"line":18,"column":5}},"3":{"start":{"line":22,"column":13},"end":{"line":22,"column":63}},"4":{"start":{"line":32,"column":8},"end":{"line":43,"column":10}},"5":{"start":{"line":36,"column":28},"end":{"line":36,"column":44}},"6":{"start":{"line":37,"column":10},"end":{"line":39,"column":12}},"7":{"start":{"line":42,"column":10},"end":{"line":42,"column":66}},"8":{"start":{"line":47,"column":4},"end":{"line":55,"column":5}},"9":{"start":{"line":48,"column":6},"end":{"line":50,"column":8}},"10":{"start":{"line":52,"column":6},"end":{"line":54,"column":8}},"11":{"start":{"line":59,"column":19},"end":{"line":59,"column":29}},"12":{"start":{"line":60,"column":4},"end":{"line":64,"column":5}},"13":{"start":{"line":61,"column":6},"end":{"line":61,"column":63}},"14":{"start":{"line":62,"column":10},"end":{"line":64,"column":5}},"15":{"start":{"line":63,"column":6},"end":{"line":63,"column":66}},"16":{"start":{"line":67,"column":4},"end":{"line":78,"column":6}},"17":{"start":{"line":72,"column":23},"end":{"line":72,"column":40}}},"fnMap":{"0":{"name":"(anonymous_0)","decl":{"start":{"line":12,"column":2},"end":{"line":12,"column":3}},"loc":{"start":{"line":12,"column":16},"end":{"line":19,"column":3}},"line":12},"1":{"name":"(anonymous_1)","decl":{"start":{"line":21,"column":2},"end":{"line":21,"column":3}},"loc":{"start":{"line":21,"column":21},"end":{"line":45,"column":3}},"line":21},"2":{"name":"(anonymous_2)","decl":{"start":{"line":35,"column":14},"end":{"line":35,"column":15}},"loc":{"start":{"line":35,"column":28},"end":{"line":40,"column":9}},"line":35},"3":{"name":"(anonymous_3)","decl":{"start":{"line":41,"column":15},"end":{"line":41,"column":16}},"loc":{"start":{"line":41,"column":22},"end":{"line":43,"column":9}},"line":41},"4":{"name":"(anonymous_4)","decl":{"start":{"line":46,"column":2},"end":{"line":46,"column":3}},"loc":{"start":{"line":46,"column":14},"end":{"line":56,"column":3}},"line":46},"5":{"name":"(anonymous_5)","decl":{"start":{"line":58,"column":2},"end":{"line":58,"column":3}},"loc":{"start":{"line":58,"column":15},"end":{"line":65,"column":3}},"line":58},"6":{"name":"(anonymous_6)","decl":{"start":{"line":66,"column":2},"end":{"line":66,"column":3}},"loc":{"start":{"line":66,"column":11},"end":{"line":79,"column":3}},"line":66},"7":{"name":"(anonymous_7)","decl":{"start":{"line":72,"column":17},"end":{"line":72,"column":18}},"loc":{"start":{"line":72,"column":23},"end":{"line":72,"column":40}},"line":72}},"branchMap":{"0":{"loc":{"start":{"line":9,"column":25},"end":{"line":9,"column":51}},"type":"binary-expr","locations":[{"start":{"line":9,"column":25},"end":{"line":9,"column":41}},{"start":{"line":9,"column":45},"end":{"line":9,"column":51}}],"line":9},"1":{"loc":{"start":{"line":47,"column":4},"end":{"line":55,"column":5}},"type":"if","locations":[{"start":{"line":47,"column":4},"end":{"line":55,"column":5}},{"start":{"line":47,"column":4},"end":{"line":55,"column":5}}],"line":47},"2":{"loc":{"start":{"line":60,"column":4},"end":{"line":64,"column":5}},"type":"if","locations":[{"start":{"line":60,"column":4},"end":{"line":64,"column":5}},{"start":{"line":60,"column":4},"end":{"line":64,"column":5}}],"line":60},"3":{"loc":{"start":{"line":62,"column":10},"end":{"line":64,"column":5}},"type":"if","locations":[{"start":{"line":62,"column":10},"end":{"line":64,"column":5}},{"start":{"line":62,"column":10},"end":{"line":64,"column":5}}],"line":62}},"s":{"0":1,"1":2,"2":2,"3":2,"4":2,"5":0,"6":0,"7":0,"8":0,"9":0,"10":0,"11":2,"12":2,"13":2,"14":0,"15":0,"16":2,"17":0},"f":{"0":2,"1":2,"2":0,"3":0,"4":0,"5":2,"6":2,"7":0},"b":{"0":[1,1],"1":[0,0],"2":[2,0],"3":[0,0]},"_coverageSchema":"332fd63041d2c1bcb487cc26dd0d5f7d97098a6c","hash":"c0bf49f6bba6e2c336080400c5c45285dd4910b0"}
,"/Users/philosophic/SeniorProjects/Product-Description/client/src/components/Feature.jsx": {"path":"/Users/philosophic/SeniorProjects/Product-Description/client/src/components/Feature.jsx","statementMap":{"0":{"start":{"line":5,"column":15},"end":{"line":13,"column":1}},"1":{"start":{"line":6,"column":2},"end":{"line":12,"column":8}}},"fnMap":{"0":{"name":"(anonymous_0)","decl":{"start":{"line":5,"column":15},"end":{"line":5,"column":16}},"loc":{"start":{"line":6,"column":2},"end":{"line":12,"column":8}},"line":6}},"branchMap":{},"s":{"0":3,"1":2},"f":{"0":2},"b":{},"_coverageSchema":"332fd63041d2c1bcb487cc26dd0d5f7d97098a6c","hash":"a58d6499c1e22972350c4e6225d4ce0855320ac6"}
,"/Users/philosophic/SeniorProjects/Product-Description/client/src/components/Features.jsx": {"path":"/Users/philosophic/SeniorProjects/Product-Description/client/src/components/Features.jsx","statementMap":{"0":{"start":{"line":4,"column":17},"end":{"line":12,"column":1}},"1":{"start":{"line":5,"column":2},"end":{"line":11,"column":3}},"2":{"start":{"line":8,"column":47},"end":{"line":8,"column":75}}},"fnMap":{"0":{"name":"(anonymous_0)","decl":{"start":{"line":4,"column":17},"end":{"line":4,"column":18}},"loc":{"start":{"line":4,"column":33},"end":{"line":12,"column":1}},"line":4},"1":{"name":"(anonymous_1)","decl":{"start":{"line":8,"column":34},"end":{"line":8,"column":35}},"loc":{"start":{"line":8,"column":47},"end":{"line":8,"column":75}},"line":8}},"branchMap":{"0":{"loc":{"start":{"line":8,"column":9},"end":{"line":8,"column":76}},"type":"binary-expr","locations":[{"start":{"line":8,"column":9},"end":{"line":8,"column":17}},{"start":{"line":8,"column":21},"end":{"line":8,"column":76}}],"line":8}},"s":{"0":2,"1":2,"2":0},"f":{"0":2,"1":0},"b":{"0":[2,1]},"_coverageSchema":"332fd63041d2c1bcb487cc26dd0d5f7d97098a6c","hash":"31fce94ce4722a51d28f32e9031c9fef155b7f7d"}
,"/Users/philosophic/SeniorProjects/Product-Description/client/src/components/TechSpec.jsx": {"path":"/Users/philosophic/SeniorProjects/Product-Description/client/src/components/TechSpec.jsx","statementMap":{"0":{"start":{"line":3,"column":16},"end":{"line":11,"column":1}},"1":{"start":{"line":4,"column":2},"end":{"line":10,"column":8}}},"fnMap":{"0":{"name":"(anonymous_0)","decl":{"start":{"line":3,"column":16},"end":{"line":3,"column":17}},"loc":{"start":{"line":4,"column":2},"end":{"line":10,"column":8}},"line":4}},"branchMap":{"0":{"loc":{"start":{"line":7,"column":26},"end":{"line":7,"column":52}},"type":"binary-expr","locations":[{"start":{"line":7,"column":26},"end":{"line":7,"column":34}},{"start":{"line":7,"column":38},"end":{"line":7,"column":52}}],"line":7},"1":{"loc":{"start":{"line":7,"column":82},"end":{"line":7,"column":114}},"type":"binary-expr","locations":[{"start":{"line":7,"column":82},"end":{"line":7,"column":90}},{"start":{"line":7,"column":94},"end":{"line":7,"column":114}}],"line":7}},"s":{"0":3,"1":3},"f":{"0":3},"b":{"0":[3,1],"1":[3,1]},"_coverageSchema":"332fd63041d2c1bcb487cc26dd0d5f7d97098a6c","hash":"3ed1b920ba2b2d162793f12caebe6413d38b1bdd"}
,"/Users/philosophic/SeniorProjects/Product-Description/client/src/components/TechSpecs.jsx": {"path":"/Users/philosophic/SeniorProjects/Product-Description/client/src/components/TechSpecs.jsx","statementMap":{"0":{"start":{"line":4,"column":18},"end":{"line":12,"column":1}},"1":{"start":{"line":5,"column":2},"end":{"line":11,"column":3}},"2":{"start":{"line":8,"column":48},"end":{"line":8,"column":80}}},"fnMap":{"0":{"name":"(anonymous_0)","decl":{"start":{"line":4,"column":18},"end":{"line":4,"column":19}},"loc":{"start":{"line":4,"column":35},"end":{"line":12,"column":1}},"line":4},"1":{"name":"(anonymous_1)","decl":{"start":{"line":8,"column":36},"end":{"line":8,"column":37}},"loc":{"start":{"line":8,"column":48},"end":{"line":8,"column":80}},"line":8}},"branchMap":{"0":{"loc":{"start":{"line":8,"column":9},"end":{"line":8,"column":81}},"type":"binary-expr","locations":[{"start":{"line":8,"column":9},"end":{"line":8,"column":18}},{"start":{"line":8,"column":22},"end":{"line":8,"column":81}}],"line":8}},"s":{"0":2,"1":2,"2":0},"f":{"0":2,"1":0},"b":{"0":[2,1]},"_coverageSchema":"332fd63041d2c1bcb487cc26dd0d5f7d97098a6c","hash":"0fd7d83c0489aca738dcbfd87aa22481d751d84d"}
,"/Users/philosophic/SeniorProjects/Product-Description/spec/setupTests.js": {"path":"/Users/philosophic/SeniorProjects/Product-Description/spec/setupTests.js","statementMap":{"0":{"start":{"line":3,"column":20},"end":{"line":3,"column":37}},"1":{"start":{"line":4,"column":16},"end":{"line":4,"column":50}},"2":{"start":{"line":6,"column":0},"end":{"line":6,"column":37}}},"fnMap":{},"branchMap":{},"s":{"0":6,"1":6,"2":6},"f":{},"b":{},"_coverageSchema":"332fd63041d2c1bcb487cc26dd0d5f7d97098a6c","hash":"7c2218931e4ca563c7f3f702ede75f20da537446"}
}
