TN:
SF:/Users/philosophic/SeniorProjects/Product-Description/client/src/App.jsx
FN:12,(anonymous_0)
FN:21,(anonymous_1)
FN:35,(anonymous_2)
FN:41,(anonymous_3)
FN:46,(anonymous_4)
FN:58,(anonymous_5)
FN:66,(anonymous_6)
FN:72,(anonymous_7)
FNF:8
FNH:4
FNDA:2,(anonymous_0)
FNDA:2,(anonymous_1)
FNDA:0,(anonymous_2)
FNDA:0,(anonymous_3)
FNDA:0,(anonymous_4)
FNDA:2,(anonymous_5)
FNDA:2,(anonymous_6)
FNDA:0,(anonymous_7)
DA:9,1
DA:13,2
DA:14,2
DA:22,2
DA:32,2
DA:36,0
DA:37,0
DA:42,0
DA:47,0
DA:48,0
DA:52,0
DA:59,2
DA:60,2
DA:61,2
DA:62,0
DA:63,0
DA:67,2
DA:72,0
LF:18
LH:9
BRDA:9,0,0,1
BRDA:9,0,1,1
BRDA:47,1,0,0
BRDA:47,1,1,0
BRDA:60,2,0,2
BRDA:60,2,1,0
BRDA:62,3,0,0
BRDA:62,3,1,0
BRF:8
BRH:3
end_of_record
TN:
SF:/Users/philosophic/SeniorProjects/Product-Description/client/src/components/Feature.jsx
FN:5,(anonymous_0)
FNF:1
FNH:1
FNDA:2,(anonymous_0)
DA:5,3
DA:6,2
LF:2
LH:2
BRF:0
BRH:0
end_of_record
TN:
SF:/Users/philosophic/SeniorProjects/Product-Description/client/src/components/Features.jsx
FN:4,(anonymous_0)
FN:8,(anonymous_1)
FNF:2
FNH:1
FNDA:2,(anonymous_0)
FNDA:0,(anonymous_1)
DA:4,2
DA:5,2
DA:8,0
LF:3
LH:2
BRDA:8,0,0,2
BRDA:8,0,1,1
BRF:2
BRH:2
end_of_record
TN:
SF:/Users/philosophic/SeniorProjects/Product-Description/client/src/components/TechSpec.jsx
FN:3,(anonymous_0)
FNF:1
FNH:1
FNDA:3,(anonymous_0)
DA:3,3
DA:4,3
LF:2
LH:2
BRDA:7,0,0,3
BRDA:7,0,1,1
BRDA:7,1,0,3
BRDA:7,1,1,1
BRF:4
BRH:4
end_of_record
TN:
SF:/Users/philosophic/SeniorProjects/Product-Description/client/src/components/TechSpecs.jsx
FN:4,(anonymous_0)
FN:8,(anonymous_1)
FNF:2
FNH:1
FNDA:2,(anonymous_0)
FNDA:0,(anonymous_1)
DA:4,2
DA:5,2
DA:8,0
LF:3
LH:2
BRDA:8,0,0,2
BRDA:8,0,1,1
BRF:2
BRH:2
end_of_record
TN:
SF:/Users/philosophic/SeniorProjects/Product-Description/spec/setupTests.js
FNF:0
FNH:0
DA:3,6
DA:4,6
DA:6,6
LF:3
LH:3
BRF:0
BRH:0
end_of_record
